1510914762413	geckodriver	INFO	geckodriver 0.19.1
1510914762420	geckodriver	INFO	Listening on 127.0.0.1:54123
1510914763574	mozrunner::runner	INFO	Running command: "/Applications/Firefox.app/Contents/MacOS/firefox-bin" "-marionette" "-profile" "/var/folders/vv/ddv_001j3yd9f1tl677f36lc0000gn/T/rust_mozprofile.6govDacjK2H2"
1510914763872	addons.xpi	WARN	Error parsing extensions state: [Exception... "Component returned failure code: 0x80520012 (NS_ERROR_FILE_NOT_FOUND) [amIAddonManagerStartup.readStartupData]"  nsresult: "0x80520012 (NS_ERROR_FILE_NOT_FOUND)"  location: "JS frame :: resource://gre/modules/addons/XPIProvider.jsm :: loadExtensionState :: line 1554"  data: no] Stack trace: loadExtensionState()@resource://gre/modules/addons/XPIProvider.jsm:1554 < getInstallState()@resource://gre/modules/addons/XPIProvider.jsm:1589 < checkForChanges()@resource://gre/modules/addons/XPIProvider.jsm:3109 < startup()@resource://gre/modules/addons/XPIProvider.jsm:2188 < callProvider()@resource://gre/modules/AddonManager.jsm:269 < _startProvider()@resource://gre/modules/AddonManager.jsm:739 < startup()@resource://gre/modules/AddonManager.jsm:906 < startup()@resource://gre/modules/AddonManager.jsm:3090 < observe()@jar:file:///Applications/Firefox.app/Contents/Resources/omni.ja!/components/addonManager.js:65
1510914764199	Marionette	INFO	Enabled via --marionette
2017-11-17 02:32:45.313 plugin-container[4714:104723] *** CFMessagePort: bootstrap_register(): failed 1100 (0x44c) 'Permission denied', port = 0xa22f, name = 'com.apple.tsm.portname'
See /usr/include/servers/bootstrap_defs.h for the error codes.
2017-11-17 02:32:45.315 plugin-container[4714:104723] *** CFMessagePort: bootstrap_register(): failed 1100 (0x44c) 'Permission denied', port = 0xa607, name = 'com.apple.CFPasteboardClient'
See /usr/include/servers/bootstrap_defs.h for the error codes.
1510914765681	Marionette	INFO	Listening on port 54135
1510914765716	Marionette	WARN	TLS certificate errors will be ignored for this session
1510914765763	Marionette	DEBUG	Register listener.js for window 2147483649
1510914765796	Marionette	DEBUG	Received DOM event "beforeunload" for "about:blank"
1510914767177	Marionette	DEBUG	Received DOM event "pagehide" for "about:blank"
1510914767177	Marionette	DEBUG	Received DOM event "unload" for "about:blank"
1510914768760	Marionette	DEBUG	Received DOM event "DOMContentLoaded" for "https://www.coursera.org/courses?languages=en&query=web&start=120"
JavaScript warning: https://mathid.mathtag.com/d/i.js, line 1: unreachable code after return statement
JavaScript warning: https://mathid.mathtag.com/d/i.js, line 1: unreachable code after return statement
1510914770718	Marionette	DEBUG	Received DOM event "pageshow" for "https://www.coursera.org/courses?languages=en&query=web&start=120"
1510914777070	Marionette	DEBUG	Received DOM event "beforeunload" for "https://www.coursera.org/courses?languages=en&query=web&start=120"
1510914777887	Marionette	DEBUG	Received DOM event "pagehide" for "https://www.coursera.org/courses?languages=en&query=web&start=120"
1510914777907	Marionette	DEBUG	Received DOM event "unload" for "https://www.coursera.org/courses?languages=en&query=web&start=120"
1510914779500	Marionette	DEBUG	Received DOM event "DOMContentLoaded" for "https://www.coursera.org/specializations/shangwu-yingyu"
1510914781367	Marionette	DEBUG	Received observer notification "outer-window-destroyed" for "2147483664"
1510914781415	Marionette	DEBUG	Received DOM event "pageshow" for "https://www.coursera.org/specializations/shangwu-yingyu"
1510914802542	Marionette	DEBUG	Received DOM event "beforeunload" for "https://www.coursera.org/specializations/shangwu-yingyu"
1510914803577	Marionette	DEBUG	Received DOM event "pagehide" for "https://www.coursera.org/specializations/shangwu-yingyu"
1510914803578	Marionette	DEBUG	Received DOM event "unload" for "https://www.coursera.org/specializations/shangwu-yingyu"
1510914803797	Marionette	DEBUG	Received observer notification "outer-window-destroyed" for "2147483658"
1510914804910	Marionette	DEBUG	Received DOM event "DOMContentLoaded" for "https://www.coursera.org/specializations/market-research"
1510914806433	Marionette	DEBUG	Received DOM event "pageshow" for "https://www.coursera.org/specializations/market-research"
1510914827446	Marionette	DEBUG	Received DOM event "beforeunload" for "https://www.coursera.org/specializations/market-research"
1510914828329	Marionette	DEBUG	Received DOM event "pagehide" for "https://www.coursera.org/specializations/market-research"
1510914828330	Marionette	DEBUG	Received DOM event "unload" for "https://www.coursera.org/specializations/market-research"
1510914828419	Marionette	DEBUG	Received observer notification "outer-window-destroyed" for "2147483668"
1510914829309	Marionette	DEBUG	Received DOM event "DOMContentLoaded" for "https://www.coursera.org/specializations/corporate-entrepreneurship"
1510914833300	Marionette	DEBUG	Received observer notification "outer-window-destroyed" for "2147483680"
1510914833300	Marionette	DEBUG	Received observer notification "outer-window-destroyed" for "2147483678"
1510914912278	geckodriver	INFO	geckodriver 0.19.1
1510914912283	geckodriver	INFO	Listening on 127.0.0.1:54483
1510914913413	mozrunner::runner	INFO	Running command: "/Applications/Firefox.app/Contents/MacOS/firefox-bin" "-marionette" "-profile" "/var/folders/vv/ddv_001j3yd9f1tl677f36lc0000gn/T/rust_mozprofile.qkVTl7W9qDHp"
1510914913722	addons.xpi	WARN	Error parsing extensions state: [Exception... "Component returned failure code: 0x80520012 (NS_ERROR_FILE_NOT_FOUND) [amIAddonManagerStartup.readStartupData]"  nsresult: "0x80520012 (NS_ERROR_FILE_NOT_FOUND)"  location: "JS frame :: resource://gre/modules/addons/XPIProvider.jsm :: loadExtensionState :: line 1554"  data: no] Stack trace: loadExtensionState()@resource://gre/modules/addons/XPIProvider.jsm:1554 < getInstallState()@resource://gre/modules/addons/XPIProvider.jsm:1589 < checkForChanges()@resource://gre/modules/addons/XPIProvider.jsm:3109 < startup()@resource://gre/modules/addons/XPIProvider.jsm:2188 < callProvider()@resource://gre/modules/AddonManager.jsm:269 < _startProvider()@resource://gre/modules/AddonManager.jsm:739 < startup()@resource://gre/modules/AddonManager.jsm:906 < startup()@resource://gre/modules/AddonManager.jsm:3090 < observe()@jar:file:///Applications/Firefox.app/Contents/Resources/omni.ja!/components/addonManager.js:65
1510914914085	Marionette	INFO	Enabled via --marionette
2017-11-17 02:35:15.190 plugin-container[4738:106915] *** CFMessagePort: bootstrap_register(): failed 1100 (0x44c) 'Permission denied', port = 0xa33b, name = 'com.apple.tsm.portname'
See /usr/include/servers/bootstrap_defs.h for the error codes.
2017-11-17 02:35:15.192 plugin-container[4738:106915] *** CFMessagePort: bootstrap_register(): failed 1100 (0x44c) 'Permission denied', port = 0xa703, name = 'com.apple.CFPasteboardClient'
See /usr/include/servers/bootstrap_defs.h for the error codes.
1510914915789	Marionette	INFO	Listening on port 54493
1510914915857	Marionette	WARN	TLS certificate errors will be ignored for this session
1510914915905	Marionette	DEBUG	Register listener.js for window 2147483649
1510914915933	Marionette	DEBUG	Received DOM event "beforeunload" for "about:blank"
1510914917240	Marionette	DEBUG	Received DOM event "pagehide" for "about:blank"
1510914917240	Marionette	DEBUG	Received DOM event "unload" for "about:blank"
1510914918973	Marionette	DEBUG	Received DOM event "DOMContentLoaded" for "https://www.coursera.org/courses?languages=en&query=web&start=100"
JavaScript warning: https://mathid.mathtag.com/d/i.js, line 1: unreachable code after return statement
JavaScript warning: https://mathid.mathtag.com/d/i.js, line 1: unreachable code after return statement
1510914924605	Marionette	DEBUG	Received DOM event "pageshow" for "https://www.coursera.org/courses?languages=en&query=web&start=100"
1510914946183	Marionette	DEBUG	Received DOM event "beforeunload" for "https://www.coursera.org/courses?languages=en&query=web&start=100"
1510914947125	Marionette	DEBUG	Received DOM event "pagehide" for "https://www.coursera.org/courses?languages=en&query=web&start=100"
1510914947128	Marionette	DEBUG	Received DOM event "unload" for "https://www.coursera.org/courses?languages=en&query=web&start=100"
1510914948235	Marionette	DEBUG	Received DOM event "DOMContentLoaded" for "https://www.coursera.org/specializations/graphic-design"
1510914949739	Marionette	DEBUG	Received DOM event "pageshow" for "https://www.coursera.org/specializations/graphic-design"
1510914970755	Marionette	DEBUG	Received DOM event "beforeunload" for "https://www.coursera.org/specializations/graphic-design"
1510914971662	Marionette	DEBUG	Received DOM event "pagehide" for "https://www.coursera.org/specializations/graphic-design"
1510914971663	Marionette	DEBUG	Received DOM event "unload" for "https://www.coursera.org/specializations/graphic-design"
1510914971818	Marionette	DEBUG	Received observer notification "outer-window-destroyed" for "2147483658"
1510914972746	Marionette	DEBUG	Received DOM event "DOMContentLoaded" for "https://www.coursera.org/specializations/user-interface-design"
1510914974567	Marionette	DEBUG	Received DOM event "pageshow" for "https://www.coursera.org/specializations/user-interface-design"
1510914995662	Marionette	DEBUG	Received DOM event "beforeunload" for "https://www.coursera.org/specializations/user-interface-design"
1510914996405	Marionette	DEBUG	Received DOM event "pagehide" for "https://www.coursera.org/specializations/user-interface-design"
1510914996407	Marionette	DEBUG	Received DOM event "unload" for "https://www.coursera.org/specializations/user-interface-design"
1510914996502	Marionette	DEBUG	Received observer notification "outer-window-destroyed" for "2147483665"
1510914997372	Marionette	DEBUG	Received DOM event "DOMContentLoaded" for "https://www.coursera.org/specializations/effective-business-communication"
1510914998913	Marionette	DEBUG	Received DOM event "pageshow" for "https://www.coursera.org/specializations/effective-business-communication"
1510915020657	Marionette	DEBUG	Received DOM event "beforeunload" for "https://www.coursera.org/specializations/effective-business-communication"
1510915021385	Marionette	DEBUG	Received DOM event "pagehide" for "https://www.coursera.org/specializations/effective-business-communication"
1510915021386	Marionette	DEBUG	Received DOM event "unload" for "https://www.coursera.org/specializations/effective-business-communication"
1510915021565	Marionette	DEBUG	Received observer notification "outer-window-destroyed" for "2147483672"
1510915021566	Marionette	DEBUG	Received observer notification "outer-window-destroyed" for "2147483678"
1510915022376	Marionette	DEBUG	Received DOM event "DOMContentLoaded" for "https://www.coursera.org/specializations/hotel-management"
1510915026466	Marionette	DEBUG	Received observer notification "outer-window-destroyed" for "2147483687"
1510915026468	Marionette	DEBUG	Received observer notification "outer-window-destroyed" for "2147483684"
1510915664238	geckodriver	INFO	geckodriver 0.19.1
1510915664245	geckodriver	INFO	Listening on 127.0.0.1:55750
1510915665874	mozrunner::runner	INFO	Running command: "/Applications/Firefox.app/Contents/MacOS/firefox-bin" "-marionette" "-profile" "/var/folders/vv/ddv_001j3yd9f1tl677f36lc0000gn/T/rust_mozprofile.yuOcIsFpzHx0"
1510915666621	addons.xpi	WARN	Error parsing extensions state: [Exception... "Component returned failure code: 0x80520012 (NS_ERROR_FILE_NOT_FOUND) [amIAddonManagerStartup.readStartupData]"  nsresult: "0x80520012 (NS_ERROR_FILE_NOT_FOUND)"  location: "JS frame :: resource://gre/modules/addons/XPIProvider.jsm :: loadExtensionState :: line 1554"  data: no] Stack trace: loadExtensionState()@resource://gre/modules/addons/XPIProvider.jsm:1554 < getInstallState()@resource://gre/modules/addons/XPIProvider.jsm:1589 < checkForChanges()@resource://gre/modules/addons/XPIProvider.jsm:3109 < startup()@resource://gre/modules/addons/XPIProvider.jsm:2188 < callProvider()@resource://gre/modules/AddonManager.jsm:269 < _startProvider()@resource://gre/modules/AddonManager.jsm:739 < startup()@resource://gre/modules/AddonManager.jsm:906 < startup()@resource://gre/modules/AddonManager.jsm:3090 < observe()@jar:file:///Applications/Firefox.app/Contents/Resources/omni.ja!/components/addonManager.js:65
1510915666976	Marionette	INFO	Enabled via --marionette
2017-11-17 02:47:48.072 plugin-container[4849:118064] *** CFMessagePort: bootstrap_register(): failed 1100 (0x44c) 'Permission denied', port = 0xa23b, name = 'com.apple.tsm.portname'
See /usr/include/servers/bootstrap_defs.h for the error codes.
2017-11-17 02:47:48.081 plugin-container[4849:118064] *** CFMessagePort: bootstrap_register(): failed 1100 (0x44c) 'Permission denied', port = 0xa23f, name = 'com.apple.CFPasteboardClient'
See /usr/include/servers/bootstrap_defs.h for the error codes.
1510915668592	Marionette	INFO	Listening on port 55760
1510915668654	Marionette	WARN	TLS certificate errors will be ignored for this session
1510915668701	Marionette	DEBUG	Register listener.js for window 2147483649
1510915668722	Marionette	DEBUG	Received DOM event "beforeunload" for "about:blank"
1510915670323	Marionette	DEBUG	Received DOM event "pagehide" for "about:blank"
1510915670324	Marionette	DEBUG	Received DOM event "unload" for "about:blank"
1510915675731	Marionette	DEBUG	Received DOM event "DOMContentLoaded" for "https://www.coursera.org/courses?languages=en&query=web&start=220"
JavaScript warning: https://mathid.mathtag.com/d/i.js, line 1: unreachable code after return statement
JavaScript warning: https://mathid.mathtag.com/d/i.js, line 1: unreachable code after return statement
1510915679959	Marionette	DEBUG	Received DOM event "pageshow" for "https://www.coursera.org/courses?languages=en&query=web&start=220"
1510915701619	Marionette	DEBUG	Received DOM event "beforeunload" for "https://www.coursera.org/courses?languages=en&query=web&start=220"
1510915702229	Marionette	DEBUG	Received DOM event "pagehide" for "https://www.coursera.org/courses?languages=en&query=web&start=220"
1510915702233	Marionette	DEBUG	Received DOM event "unload" for "https://www.coursera.org/courses?languages=en&query=web&start=220"
1510915703238	Marionette	DEBUG	Received DOM event "DOMContentLoaded" for "https://www.coursera.org/specializations/digital-transformation-financial-services"
1510915704705	Marionette	DEBUG	Received DOM event "pageshow" for "https://www.coursera.org/specializations/digital-transformation-financial-services"
1510915726194	Marionette	DEBUG	Received DOM event "beforeunload" for "https://www.coursera.org/specializations/digital-transformation-financial-services"
1510915726799	Marionette	DEBUG	Received DOM event "pagehide" for "https://www.coursera.org/specializations/digital-transformation-financial-services"
1510915726800	Marionette	DEBUG	Received DOM event "unload" for "https://www.coursera.org/specializations/digital-transformation-financial-services"
1510915726894	Marionette	DEBUG	Received observer notification "outer-window-destroyed" for "2147483658"
1510915727793	Marionette	DEBUG	Received DOM event "DOMContentLoaded" for "https://www.coursera.org/specializations/game-design"
1510915729491	Marionette	DEBUG	Received DOM event "pageshow" for "https://www.coursera.org/specializations/game-design"
1510915750573	Marionette	DEBUG	Received DOM event "beforeunload" for "https://www.coursera.org/specializations/game-design"
1510915751219	Marionette	DEBUG	Received DOM event "pagehide" for "https://www.coursera.org/specializations/game-design"
1510915751220	Marionette	DEBUG	Received DOM event "unload" for "https://www.coursera.org/specializations/game-design"
1510915751373	Marionette	DEBUG	Received observer notification "outer-window-destroyed" for "2147483665"
1510915752089	Marionette	DEBUG	Received DOM event "DOMContentLoaded" for "https://www.coursera.org/specializations/scala"
1510915754328	Marionette	DEBUG	Received DOM event "pageshow" for "https://www.coursera.org/specializations/scala"
1510915776060	Marionette	DEBUG	Received DOM event "beforeunload" for "https://www.coursera.org/specializations/scala"
1510915776859	Marionette	DEBUG	Received DOM event "pagehide" for "https://www.coursera.org/specializations/scala"
1510915776860	Marionette	DEBUG	Received DOM event "unload" for "https://www.coursera.org/specializations/scala"
1510915776964	Marionette	DEBUG	Received observer notification "outer-window-destroyed" for "2147483672"
1510915777620	Marionette	DEBUG	Received DOM event "DOMContentLoaded" for "https://www.coursera.org/learn/marketing-strategy-entrepreneurs"
1510915779402	Marionette	DEBUG	Received observer notification "outer-window-destroyed" for "2147483681"
1510915781622	Marionette	DEBUG	Received DOM event "pageshow" for "https://www.coursera.org/learn/marketing-strategy-entrepreneurs"
1510915802760	Marionette	DEBUG	Received DOM event "beforeunload" for "https://www.coursera.org/learn/marketing-strategy-entrepreneurs"
1510915803913	Marionette	DEBUG	Received DOM event "pagehide" for "https://www.coursera.org/learn/marketing-strategy-entrepreneurs"
1510915803916	Marionette	DEBUG	Received DOM event "unload" for "https://www.coursera.org/learn/marketing-strategy-entrepreneurs"
1510915804049	Marionette	DEBUG	Received observer notification "outer-window-destroyed" for "2147483679"
1510915804562	Marionette	DEBUG	Received DOM event "DOMContentLoaded" for "https://www.coursera.org/learn/questionnaire-design"
1510915808279	Marionette	DEBUG	Received DOM event "pageshow" for "https://www.coursera.org/learn/questionnaire-design"
1510915830195	Marionette	DEBUG	Received DOM event "beforeunload" for "https://www.coursera.org/learn/questionnaire-design"
1510915831484	Marionette	DEBUG	Received DOM event "pagehide" for "https://www.coursera.org/learn/questionnaire-design"
1510915831485	Marionette	DEBUG	Received DOM event "unload" for "https://www.coursera.org/learn/questionnaire-design"
1510915831651	Marionette	DEBUG	Received observer notification "outer-window-destroyed" for "2147483690"
1510915832304	Marionette	DEBUG	Received DOM event "DOMContentLoaded" for "https://www.coursera.org/learn/portfolio-management"
1510915832387	Marionette	DEBUG	Received DOM event "pageshow" for "https://www.coursera.org/learn/portfolio-management"
1510915853784	Marionette	DEBUG	Received DOM event "beforeunload" for "https://www.coursera.org/learn/portfolio-management"
1510915855084	Marionette	DEBUG	Received DOM event "pagehide" for "https://www.coursera.org/learn/portfolio-management"
1510915855085	Marionette	DEBUG	Received DOM event "unload" for "https://www.coursera.org/learn/portfolio-management"
1510915855211	Marionette	DEBUG	Received observer notification "outer-window-destroyed" for "2147483698"
1510915855873	Marionette	DEBUG	Received DOM event "DOMContentLoaded" for "https://www.coursera.org/learn/philanthropist"
1510915855900	Marionette	DEBUG	Received DOM event "pageshow" for "https://www.coursera.org/learn/philanthropist"
1510915877620	Marionette	DEBUG	Received DOM event "beforeunload" for "https://www.coursera.org/learn/philanthropist"
1510915878777	Marionette	DEBUG	Received DOM event "pagehide" for "https://www.coursera.org/learn/philanthropist"
1510915878777	Marionette	DEBUG	Received DOM event "unload" for "https://www.coursera.org/learn/philanthropist"
1510915878947	Marionette	DEBUG	Received observer notification "outer-window-destroyed" for "2147483706"
1510915878948	Marionette	DEBUG	Received observer notification "outer-window-destroyed" for "2147483708"
1510915879588	Marionette	DEBUG	Received DOM event "DOMContentLoaded" for "https://www.coursera.org/learn/wharton-introduccion-marketing"
1510915879888	Marionette	DEBUG	Received DOM event "pageshow" for "https://www.coursera.org/learn/wharton-introduccion-marketing"
1510915901683	Marionette	DEBUG	Received DOM event "beforeunload" for "https://www.coursera.org/learn/wharton-introduccion-marketing"
1510915902626	Marionette	DEBUG	Received DOM event "pagehide" for "https://www.coursera.org/learn/wharton-introduccion-marketing"
1510915902627	Marionette	DEBUG	Received DOM event "unload" for "https://www.coursera.org/learn/wharton-introduccion-marketing"
1510915902723	Marionette	DEBUG	Received observer notification "outer-window-destroyed" for "2147483718"
1510915903410	Marionette	DEBUG	Received DOM event "DOMContentLoaded" for "https://www.coursera.org/learn/intro-international-marketing"
1510915903430	Marionette	DEBUG	Received DOM event "pageshow" for "https://www.coursera.org/learn/intro-international-marketing"
1510915924699	Marionette	DEBUG	Received DOM event "beforeunload" for "https://www.coursera.org/learn/intro-international-marketing"
1510915925724	Marionette	DEBUG	Received DOM event "pagehide" for "https://www.coursera.org/learn/intro-international-marketing"
1510915925726	Marionette	DEBUG	Received DOM event "unload" for "https://www.coursera.org/learn/intro-international-marketing"
1510915925918	Marionette	DEBUG	Received observer notification "outer-window-destroyed" for "2147483730"
1510915926523	Marionette	DEBUG	Received DOM event "DOMContentLoaded" for "https://www.coursera.org/learn/presentation-skills"
1510915926540	Marionette	DEBUG	Received DOM event "pageshow" for "https://www.coursera.org/learn/presentation-skills"
1510915947803	Marionette	DEBUG	Received DOM event "beforeunload" for "https://www.coursera.org/learn/presentation-skills"
1510915948972	Marionette	DEBUG	Received DOM event "pagehide" for "https://www.coursera.org/learn/presentation-skills"
1510915948973	Marionette	DEBUG	Received DOM event "unload" for "https://www.coursera.org/learn/presentation-skills"
1510915949139	Marionette	DEBUG	Received observer notification "outer-window-destroyed" for "2147483739"
1510915949819	Marionette	DEBUG	Received DOM event "DOMContentLoaded" for "https://www.coursera.org/learn/marketing-plan"
1510915949835	Marionette	DEBUG	Received DOM event "pageshow" for "https://www.coursera.org/learn/marketing-plan"
1510915973028	Marionette	DEBUG	Received DOM event "beforeunload" for "https://www.coursera.org/learn/marketing-plan"
1510915974042	Marionette	DEBUG	Received DOM event "pagehide" for "https://www.coursera.org/learn/marketing-plan"
1510915974043	Marionette	DEBUG	Received DOM event "unload" for "https://www.coursera.org/learn/marketing-plan"
1510915974200	Marionette	DEBUG	Received observer notification "outer-window-destroyed" for "2147483748"
1510915974858	Marionette	DEBUG	Received DOM event "DOMContentLoaded" for "https://www.coursera.org/learn/ios-app-development-basics"
1510915974927	Marionette	DEBUG	Received DOM event "pageshow" for "https://www.coursera.org/learn/ios-app-development-basics"
1510915996494	Marionette	DEBUG	Received DOM event "beforeunload" for "https://www.coursera.org/learn/ios-app-development-basics"
1510915997368	Marionette	DEBUG	Received DOM event "pagehide" for "https://www.coursera.org/learn/ios-app-development-basics"
1510915997369	Marionette	DEBUG	Received DOM event "unload" for "https://www.coursera.org/learn/ios-app-development-basics"
1510915997458	Marionette	DEBUG	Received observer notification "outer-window-destroyed" for "2147483757"
1510915998203	Marionette	DEBUG	Received DOM event "DOMContentLoaded" for "https://www.coursera.org/learn/seo-strategies"
1510916005026	Marionette	DEBUG	Received observer notification "outer-window-destroyed" for "2147483770"
1510916005027	Marionette	DEBUG	Received observer notification "outer-window-destroyed" for "2147483768"
1510935336346	geckodriver	INFO	geckodriver 0.19.1
1510935336353	geckodriver	INFO	Listening on 127.0.0.1:59919
1510935337470	mozrunner::runner	INFO	Running command: "/Applications/Firefox.app/Contents/MacOS/firefox-bin" "-marionette" "-profile" "/var/folders/vv/ddv_001j3yd9f1tl677f36lc0000gn/T/rust_mozprofile.WFIHIkwKT0Ho"
1510935337721	addons.xpi	WARN	Error parsing extensions state: [Exception... "Component returned failure code: 0x80520012 (NS_ERROR_FILE_NOT_FOUND) [amIAddonManagerStartup.readStartupData]"  nsresult: "0x80520012 (NS_ERROR_FILE_NOT_FOUND)"  location: "JS frame :: resource://gre/modules/addons/XPIProvider.jsm :: loadExtensionState :: line 1554"  data: no] Stack trace: loadExtensionState()@resource://gre/modules/addons/XPIProvider.jsm:1554 < getInstallState()@resource://gre/modules/addons/XPIProvider.jsm:1589 < checkForChanges()@resource://gre/modules/addons/XPIProvider.jsm:3109 < startup()@resource://gre/modules/addons/XPIProvider.jsm:2188 < callProvider()@resource://gre/modules/AddonManager.jsm:269 < _startProvider()@resource://gre/modules/AddonManager.jsm:739 < startup()@resource://gre/modules/AddonManager.jsm:906 < startup()@resource://gre/modules/AddonManager.jsm:3090 < observe()@jar:file:///Applications/Firefox.app/Contents/Resources/omni.ja!/components/addonManager.js:65
1510935338041	Marionette	INFO	Enabled via --marionette
2017-11-17 08:15:39.112 plugin-container[5304:171907] *** CFMessagePort: bootstrap_register(): failed 1100 (0x44c) 'Permission denied', port = 0xa33b, name = 'com.apple.tsm.portname'
See /usr/include/servers/bootstrap_defs.h for the error codes.
2017-11-17 08:15:39.113 plugin-container[5304:171907] *** CFMessagePort: bootstrap_register(): failed 1100 (0x44c) 'Permission denied', port = 0xa703, name = 'com.apple.CFPasteboardClient'
See /usr/include/servers/bootstrap_defs.h for the error codes.
1510935339605	Marionette	INFO	Listening on port 59928
1510935339668	Marionette	WARN	TLS certificate errors will be ignored for this session
1510935339707	Marionette	DEBUG	Register listener.js for window 2147483649
1510935339728	Marionette	DEBUG	Received DOM event "beforeunload" for "about:blank"
1510935341385	Marionette	DEBUG	Received DOM event "pagehide" for "about:blank"
1510935341385	Marionette	DEBUG	Received DOM event "unload" for "about:blank"
1510935342555	Marionette	DEBUG	Received DOM event "DOMContentLoaded" for "https://www.coursera.org/courses?languages=en&query=web&start=220"
JavaScript warning: https://mathid.mathtag.com/d/i.js, line 1: unreachable code after return statement
JavaScript warning: https://mathid.mathtag.com/d/i.js, line 1: unreachable code after return statement
1510935345579	Marionette	DEBUG	Received DOM event "pageshow" for "https://www.coursera.org/courses?languages=en&query=web&start=220"
1510935352692	geckodriver	INFO	geckodriver 0.19.1
1510935352696	geckodriver	INFO	Listening on 127.0.0.1:60131
1510935354248	mozrunner::runner	INFO	Running command: "/Applications/Firefox.app/Contents/MacOS/firefox-bin" "-marionette" "-profile" "/var/folders/vv/ddv_001j3yd9f1tl677f36lc0000gn/T/rust_mozprofile.9wvmxJehgm1u"
1510935354716	addons.xpi	WARN	Error parsing extensions state: [Exception... "Component returned failure code: 0x80520012 (NS_ERROR_FILE_NOT_FOUND) [amIAddonManagerStartup.readStartupData]"  nsresult: "0x80520012 (NS_ERROR_FILE_NOT_FOUND)"  location: "JS frame :: resource://gre/modules/addons/XPIProvider.jsm :: loadExtensionState :: line 1554"  data: no] Stack trace: loadExtensionState()@resource://gre/modules/addons/XPIProvider.jsm:1554 < getInstallState()@resource://gre/modules/addons/XPIProvider.jsm:1589 < checkForChanges()@resource://gre/modules/addons/XPIProvider.jsm:3109 < startup()@resource://gre/modules/addons/XPIProvider.jsm:2188 < callProvider()@resource://gre/modules/AddonManager.jsm:269 < _startProvider()@resource://gre/modules/AddonManager.jsm:739 < startup()@resource://gre/modules/AddonManager.jsm:906 < startup()@resource://gre/modules/AddonManager.jsm:3090 < observe()@jar:file:///Applications/Firefox.app/Contents/Resources/omni.ja!/components/addonManager.js:65
1510935355671	Marionette	INFO	Enabled via --marionette
2017-11-17 08:15:57.765 plugin-container[5317:172465] *** CFMessagePort: bootstrap_register(): failed 1100 (0x44c) 'Permission denied', port = 0xa237, name = 'com.apple.tsm.portname'
See /usr/include/servers/bootstrap_defs.h for the error codes.
2017-11-17 08:15:57.768 plugin-container[5317:172465] *** CFMessagePort: bootstrap_register(): failed 1100 (0x44c) 'Permission denied', port = 0xa603, name = 'com.apple.CFPasteboardClient'
See /usr/include/servers/bootstrap_defs.h for the error codes.
1510935358770	Marionette	INFO	Listening on port 60146
1510935360515	Marionette	WARN	TLS certificate errors will be ignored for this session
1510935360717	Marionette	DEBUG	Register listener.js for window 2147483649
1510935360860	Marionette	DEBUG	Received DOM event "beforeunload" for "about:blank"
1510935361964	Marionette	DEBUG	Received DOM event "pagehide" for "about:blank"
1510935361964	Marionette	DEBUG	Received DOM event "unload" for "about:blank"
1510935364360	Marionette	DEBUG	Received DOM event "DOMContentLoaded" for "https://www.coursera.org/courses?languages=en&query=web&start=0"
1510935364450	Marionette	DEBUG	Received DOM event "pageshow" for "https://www.coursera.org/courses?languages=en&query=web&start=0"
JavaScript warning: https://mathid.mathtag.com/d/i.js, line 1: unreachable code after return statement
JavaScript warning: https://mathid.mathtag.com/d/i.js, line 1: unreachable code after return statement
1510935386624	geckodriver	INFO	geckodriver 0.19.1
1510935386692	geckodriver	INFO	Listening on 127.0.0.1:60452
1510935386892	mozrunner::runner	INFO	Running command: "/Applications/Firefox.app/Contents/MacOS/firefox-bin" "-marionette" "-profile" "/var/folders/vv/ddv_001j3yd9f1tl677f36lc0000gn/T/rust_mozprofile.EhHIutwUD53a"
1510935387909	addons.xpi	WARN	Error parsing extensions state: [Exception... "Component returned failure code: 0x80520012 (NS_ERROR_FILE_NOT_FOUND) [amIAddonManagerStartup.readStartupData]"  nsresult: "0x80520012 (NS_ERROR_FILE_NOT_FOUND)"  location: "JS frame :: resource://gre/modules/addons/XPIProvider.jsm :: loadExtensionState :: line 1554"  data: no] Stack trace: loadExtensionState()@resource://gre/modules/addons/XPIProvider.jsm:1554 < getInstallState()@resource://gre/modules/addons/XPIProvider.jsm:1589 < checkForChanges()@resource://gre/modules/addons/XPIProvider.jsm:3109 < startup()@resource://gre/modules/addons/XPIProvider.jsm:2188 < callProvider()@resource://gre/modules/AddonManager.jsm:269 < _startProvider()@resource://gre/modules/AddonManager.jsm:739 < startup()@resource://gre/modules/AddonManager.jsm:906 < startup()@resource://gre/modules/AddonManager.jsm:3090 < observe()@jar:file:///Applications/Firefox.app/Contents/Resources/omni.ja!/components/addonManager.js:65
1510935388726	Marionette	INFO	Enabled via --marionette
2017-11-17 08:16:31.129 plugin-container[5336:173414] *** CFMessagePort: bootstrap_register(): failed 1100 (0x44c) 'Permission denied', port = 0xa13f, name = 'com.apple.tsm.portname'
See /usr/include/servers/bootstrap_defs.h for the error codes.
2017-11-17 08:16:31.130 plugin-container[5336:173414] *** CFMessagePort: bootstrap_register(): failed 1100 (0x44c) 'Permission denied', port = 0xa503, name = 'com.apple.CFPasteboardClient'
See /usr/include/servers/bootstrap_defs.h for the error codes.
1510935391757	Marionette	INFO	Listening on port 60465
1510935391880	Marionette	WARN	TLS certificate errors will be ignored for this session
1510935391939	Marionette	DEBUG	Register listener.js for window 2147483649
1510935392070	Marionette	DEBUG	Received DOM event "beforeunload" for "about:blank"
1510935393181	Marionette	DEBUG	Received DOM event "pagehide" for "about:blank"
1510935393181	Marionette	DEBUG	Received DOM event "unload" for "about:blank"
1510935395714	Marionette	DEBUG	Received DOM event "DOMContentLoaded" for "https://www.coursera.org/courses?languages=en&query=web&start=20"
JavaScript warning: https://mathid.mathtag.com/d/i.js, line 1: unreachable code after return statement
JavaScript warning: https://mathid.mathtag.com/d/i.js, line 1: unreachable code after return statement
1510935402277	Marionette	DEBUG	Received DOM event "pageshow" for "https://www.coursera.org/courses?languages=en&query=web&start=20"
1510935427155	geckodriver	INFO	geckodriver 0.19.1
1510935427222	geckodriver	INFO	Listening on 127.0.0.1:60777
1510935429580	mozrunner::runner	INFO	Running command: "/Applications/Firefox.app/Contents/MacOS/firefox-bin" "-marionette" "-profile" "/var/folders/vv/ddv_001j3yd9f1tl677f36lc0000gn/T/rust_mozprofile.QedJrCAyMpDi"
1510935445235	addons.xpi	WARN	Error parsing extensions state: [Exception... "Component returned failure code: 0x80520012 (NS_ERROR_FILE_NOT_FOUND) [amIAddonManagerStartup.readStartupData]"  nsresult: "0x80520012 (NS_ERROR_FILE_NOT_FOUND)"  location: "JS frame :: resource://gre/modules/addons/XPIProvider.jsm :: loadExtensionState :: line 1554"  data: no] Stack trace: loadExtensionState()@resource://gre/modules/addons/XPIProvider.jsm:1554 < getInstallState()@resource://gre/modules/addons/XPIProvider.jsm:1589 < checkForChanges()@resource://gre/modules/addons/XPIProvider.jsm:3109 < startup()@resource://gre/modules/addons/XPIProvider.jsm:2188 < callProvider()@resource://gre/modules/AddonManager.jsm:269 < _startProvider()@resource://gre/modules/AddonManager.jsm:739 < startup()@resource://gre/modules/AddonManager.jsm:906 < startup()@resource://gre/modules/AddonManager.jsm:3090 < observe()@jar:file:///Applications/Firefox.app/Contents/Resources/omni.ja!/components/addonManager.js:65
1510935449559	Marionette	INFO	Enabled via --marionette
2017-11-17 08:17:34.514 plugin-container[5348:174821] *** CFMessagePort: bootstrap_register(): failed 1100 (0x44c) 'Permission denied', port = 0xa32f, name = 'com.apple.tsm.portname'
See /usr/include/servers/bootstrap_defs.h for the error codes.
2017-11-17 08:17:34.515 plugin-container[5348:174821] *** CFMessagePort: bootstrap_register(): failed 1100 (0x44c) 'Permission denied', port = 0xa703, name = 'com.apple.CFPasteboardClient'
See /usr/include/servers/bootstrap_defs.h for the error codes.
1510935454920	Marionette	INFO	Listening on port 60793
1510935455014	Marionette	WARN	TLS certificate errors will be ignored for this session
1510935455070	Marionette	DEBUG	Register listener.js for window 2147483649
1510935455213	Marionette	DEBUG	Received DOM event "beforeunload" for "about:blank"
1510935456182	Marionette	DEBUG	Received DOM event "pagehide" for "about:blank"
1510935456182	Marionette	DEBUG	Received DOM event "unload" for "about:blank"
1510935460409	Marionette	DEBUG	Received DOM event "DOMContentLoaded" for "https://www.coursera.org/courses?languages=en&query=web&start=40"
1510935460987	Marionette	DEBUG	Received DOM event "pageshow" for "https://www.coursera.org/courses?languages=en&query=web&start=40"
JavaScript warning: https://mathid.mathtag.com/d/i.js, line 1: unreachable code after return statement
JavaScript warning: https://mathid.mathtag.com/d/i.js, line 1: unreachable code after return statement
1510935482501	geckodriver	INFO	geckodriver 0.19.1
1510935482519	geckodriver	INFO	Listening on 127.0.0.1:61757
1510935483645	mozrunner::runner	INFO	Running command: "/Applications/Firefox.app/Contents/MacOS/firefox-bin" "-marionette" "-profile" "/var/folders/vv/ddv_001j3yd9f1tl677f36lc0000gn/T/rust_mozprofile.1vwWJWpg8Pfq"
1510935484068	addons.xpi	WARN	Error parsing extensions state: [Exception... "Component returned failure code: 0x80520012 (NS_ERROR_FILE_NOT_FOUND) [amIAddonManagerStartup.readStartupData]"  nsresult: "0x80520012 (NS_ERROR_FILE_NOT_FOUND)"  location: "JS frame :: resource://gre/modules/addons/XPIProvider.jsm :: loadExtensionState :: line 1554"  data: no] Stack trace: loadExtensionState()@resource://gre/modules/addons/XPIProvider.jsm:1554 < getInstallState()@resource://gre/modules/addons/XPIProvider.jsm:1589 < checkForChanges()@resource://gre/modules/addons/XPIProvider.jsm:3109 < startup()@resource://gre/modules/addons/XPIProvider.jsm:2188 < callProvider()@resource://gre/modules/AddonManager.jsm:269 < _startProvider()@resource://gre/modules/AddonManager.jsm:739 < startup()@resource://gre/modules/AddonManager.jsm:906 < startup()@resource://gre/modules/AddonManager.jsm:3090 < observe()@jar:file:///Applications/Firefox.app/Contents/Resources/omni.ja!/components/addonManager.js:65
1510935484453	Marionette	INFO	Enabled via --marionette
2017-11-17 08:18:06.579 plugin-container[5356:176363] *** CFMessagePort: bootstrap_register(): failed 1100 (0x44c) 'Permission denied', port = 0xa22f, name = 'com.apple.tsm.portname'
See /usr/include/servers/bootstrap_defs.h for the error codes.
2017-11-17 08:18:06.592 plugin-container[5356:176363] *** CFMessagePort: bootstrap_register(): failed 1100 (0x44c) 'Permission denied', port = 0xa603, name = 'com.apple.CFPasteboardClient'
See /usr/include/servers/bootstrap_defs.h for the error codes.
1510935487556	Marionette	INFO	Listening on port 61766
1510935487811	Marionette	WARN	TLS certificate errors will be ignored for this session
1510935487930	Marionette	DEBUG	Register listener.js for window 2147483649
1510935488014	Marionette	DEBUG	Received DOM event "beforeunload" for "about:blank"
1510935489188	Marionette	DEBUG	Received DOM event "pagehide" for "about:blank"
1510935489188	Marionette	DEBUG	Received DOM event "unload" for "about:blank"
1510935491226	Marionette	DEBUG	Received DOM event "DOMContentLoaded" for "https://www.coursera.org/courses?languages=en&query=web&start=60"
JavaScript warning: https://mathid.mathtag.com/d/i.js, line 1: unreachable code after return statement
JavaScript warning: https://mathid.mathtag.com/d/i.js, line 1: unreachable code after return statement
1510935494490	Marionette	DEBUG	Received DOM event "pageshow" for "https://www.coursera.org/courses?languages=en&query=web&start=60"
1510935515994	geckodriver	INFO	geckodriver 0.19.1
1510935516002	geckodriver	INFO	Listening on 127.0.0.1:62083
1510935517159	mozrunner::runner	INFO	Running command: "/Applications/Firefox.app/Contents/MacOS/firefox-bin" "-marionette" "-profile" "/var/folders/vv/ddv_001j3yd9f1tl677f36lc0000gn/T/rust_mozprofile.e8jF2PKGvAhC"
1510935517527	addons.xpi	WARN	Error parsing extensions state: [Exception... "Component returned failure code: 0x80520012 (NS_ERROR_FILE_NOT_FOUND) [amIAddonManagerStartup.readStartupData]"  nsresult: "0x80520012 (NS_ERROR_FILE_NOT_FOUND)"  location: "JS frame :: resource://gre/modules/addons/XPIProvider.jsm :: loadExtensionState :: line 1554"  data: no] Stack trace: loadExtensionState()@resource://gre/modules/addons/XPIProvider.jsm:1554 < getInstallState()@resource://gre/modules/addons/XPIProvider.jsm:1589 < checkForChanges()@resource://gre/modules/addons/XPIProvider.jsm:3109 < startup()@resource://gre/modules/addons/XPIProvider.jsm:2188 < callProvider()@resource://gre/modules/AddonManager.jsm:269 < _startProvider()@resource://gre/modules/AddonManager.jsm:739 < startup()@resource://gre/modules/AddonManager.jsm:906 < startup()@resource://gre/modules/AddonManager.jsm:3090 < observe()@jar:file:///Applications/Firefox.app/Contents/Resources/omni.ja!/components/addonManager.js:65
1510935518001	Marionette	INFO	Enabled via --marionette
2017-11-17 08:18:39.529 plugin-container[5363:176994] *** CFMessagePort: bootstrap_register(): failed 1100 (0x44c) 'Permission denied', port = 0xa42f, name = 'com.apple.tsm.portname'
See /usr/include/servers/bootstrap_defs.h for the error codes.
2017-11-17 08:18:39.534 plugin-container[5363:176994] *** CFMessagePort: bootstrap_register(): failed 1100 (0x44c) 'Permission denied', port = 0xa703, name = 'com.apple.CFPasteboardClient'
See /usr/include/servers/bootstrap_defs.h for the error codes.
1510935520423	Marionette	INFO	Listening on port 62095
1510935520468	Marionette	WARN	TLS certificate errors will be ignored for this session
1510935521008	Marionette	DEBUG	Register listener.js for window 2147483649
1510935521539	Marionette	DEBUG	Received DOM event "beforeunload" for "about:blank"
1510935523215	Marionette	DEBUG	Received DOM event "pagehide" for "about:blank"
1510935523215	Marionette	DEBUG	Received DOM event "unload" for "about:blank"
1510935528215	Marionette	DEBUG	Received DOM event "DOMContentLoaded" for "https://www.coursera.org/courses?languages=en&query=web&start=80"
1510935528342	Marionette	DEBUG	Received DOM event "pageshow" for "https://www.coursera.org/courses?languages=en&query=web&start=80"
JavaScript warning: https://mathid.mathtag.com/d/i.js, line 1: unreachable code after return statement
JavaScript warning: https://mathid.mathtag.com/d/i.js, line 1: unreachable code after return statement
1510935549853	geckodriver	INFO	geckodriver 0.19.1
1510935549857	geckodriver	INFO	Listening on 127.0.0.1:62429
1510935550976	mozrunner::runner	INFO	Running command: "/Applications/Firefox.app/Contents/MacOS/firefox-bin" "-marionette" "-profile" "/var/folders/vv/ddv_001j3yd9f1tl677f36lc0000gn/T/rust_mozprofile.cTguV0DzU9xY"
1510935551444	addons.xpi	WARN	Error parsing extensions state: [Exception... "Component returned failure code: 0x80520012 (NS_ERROR_FILE_NOT_FOUND) [amIAddonManagerStartup.readStartupData]"  nsresult: "0x80520012 (NS_ERROR_FILE_NOT_FOUND)"  location: "JS frame :: resource://gre/modules/addons/XPIProvider.jsm :: loadExtensionState :: line 1554"  data: no] Stack trace: loadExtensionState()@resource://gre/modules/addons/XPIProvider.jsm:1554 < getInstallState()@resource://gre/modules/addons/XPIProvider.jsm:1589 < checkForChanges()@resource://gre/modules/addons/XPIProvider.jsm:3109 < startup()@resource://gre/modules/addons/XPIProvider.jsm:2188 < callProvider()@resource://gre/modules/AddonManager.jsm:269 < _startProvider()@resource://gre/modules/AddonManager.jsm:739 < startup()@resource://gre/modules/AddonManager.jsm:906 < startup()@resource://gre/modules/AddonManager.jsm:3090 < observe()@jar:file:///Applications/Firefox.app/Contents/Resources/omni.ja!/components/addonManager.js:65
1510935551907	Marionette	INFO	Enabled via --marionette
2017-11-17 08:19:14.231 plugin-container[5371:177847] *** CFMessagePort: bootstrap_register(): failed 1100 (0x44c) 'Permission denied', port = 0xa237, name = 'com.apple.tsm.portname'
See /usr/include/servers/bootstrap_defs.h for the error codes.
2017-11-17 08:19:14.233 plugin-container[5371:177847] *** CFMessagePort: bootstrap_register(): failed 1100 (0x44c) 'Permission denied', port = 0xa603, name = 'com.apple.CFPasteboardClient'
See /usr/include/servers/bootstrap_defs.h for the error codes.
1510935555562	Marionette	INFO	Listening on port 62439
1510935555626	Marionette	WARN	TLS certificate errors will be ignored for this session
1510935555692	Marionette	DEBUG	Register listener.js for window 2147483649
1510935555769	Marionette	DEBUG	Received DOM event "beforeunload" for "about:blank"
1510935557468	Marionette	DEBUG	Received DOM event "pagehide" for "about:blank"
1510935557469	Marionette	DEBUG	Received DOM event "unload" for "about:blank"
1510935559517	Marionette	DEBUG	Received DOM event "DOMContentLoaded" for "https://www.coursera.org/courses?languages=en&query=web&start=100"
JavaScript warning: https://mathid.mathtag.com/d/i.js, line 1: unreachable code after return statement
JavaScript warning: https://mathid.mathtag.com/d/i.js, line 1: unreachable code after return statement
1510935565105	Marionette	DEBUG	Received DOM event "pageshow" for "https://www.coursera.org/courses?languages=en&query=web&start=100"
1510935586558	geckodriver	INFO	geckodriver 0.19.1
1510935586562	geckodriver	INFO	Listening on 127.0.0.1:62779
1510935587674	mozrunner::runner	INFO	Running command: "/Applications/Firefox.app/Contents/MacOS/firefox-bin" "-marionette" "-profile" "/var/folders/vv/ddv_001j3yd9f1tl677f36lc0000gn/T/rust_mozprofile.FoGUMPTpdNIi"
1510935587947	addons.xpi	WARN	Error parsing extensions state: [Exception... "Component returned failure code: 0x80520012 (NS_ERROR_FILE_NOT_FOUND) [amIAddonManagerStartup.readStartupData]"  nsresult: "0x80520012 (NS_ERROR_FILE_NOT_FOUND)"  location: "JS frame :: resource://gre/modules/addons/XPIProvider.jsm :: loadExtensionState :: line 1554"  data: no] Stack trace: loadExtensionState()@resource://gre/modules/addons/XPIProvider.jsm:1554 < getInstallState()@resource://gre/modules/addons/XPIProvider.jsm:1589 < checkForChanges()@resource://gre/modules/addons/XPIProvider.jsm:3109 < startup()@resource://gre/modules/addons/XPIProvider.jsm:2188 < callProvider()@resource://gre/modules/AddonManager.jsm:269 < _startProvider()@resource://gre/modules/AddonManager.jsm:739 < startup()@resource://gre/modules/AddonManager.jsm:906 < startup()@resource://gre/modules/AddonManager.jsm:3090 < observe()@jar:file:///Applications/Firefox.app/Contents/Resources/omni.ja!/components/addonManager.js:65
1510935588293	Marionette	INFO	Enabled via --marionette
2017-11-17 08:19:49.539 plugin-container[5378:178664] *** CFMessagePort: bootstrap_register(): failed 1100 (0x44c) 'Permission denied', port = 0xa233, name = 'com.apple.tsm.portname'
See /usr/include/servers/bootstrap_defs.h for the error codes.
2017-11-17 08:19:49.540 plugin-container[5378:178664] *** CFMessagePort: bootstrap_register(): failed 1100 (0x44c) 'Permission denied', port = 0xa603, name = 'com.apple.CFPasteboardClient'
See /usr/include/servers/bootstrap_defs.h for the error codes.
1510935590421	Marionette	INFO	Listening on port 62791
1510935590525	Marionette	WARN	TLS certificate errors will be ignored for this session
1510935590583	Marionette	DEBUG	Register listener.js for window 2147483649
1510935590636	Marionette	DEBUG	Received DOM event "beforeunload" for "about:blank"
1510935592382	Marionette	DEBUG	Received DOM event "pagehide" for "about:blank"
1510935592382	Marionette	DEBUG	Received DOM event "unload" for "about:blank"
1510935594297	Marionette	DEBUG	Received DOM event "DOMContentLoaded" for "https://www.coursera.org/courses?languages=en&query=web&start=120"
JavaScript warning: https://mathid.mathtag.com/d/i.js, line 1: unreachable code after return statement
JavaScript warning: https://mathid.mathtag.com/d/i.js, line 1: unreachable code after return statement
1510935598334	Marionette	DEBUG	Received DOM event "pageshow" for "https://www.coursera.org/courses?languages=en&query=web&start=120"
1510935619985	geckodriver	INFO	geckodriver 0.19.1
1510935619993	geckodriver	INFO	Listening on 127.0.0.1:63064
1510935621097	mozrunner::runner	INFO	Running command: "/Applications/Firefox.app/Contents/MacOS/firefox-bin" "-marionette" "-profile" "/var/folders/vv/ddv_001j3yd9f1tl677f36lc0000gn/T/rust_mozprofile.x6DnD4FSOJBP"
1510935621420	addons.xpi	WARN	Error parsing extensions state: [Exception... "Component returned failure code: 0x80520012 (NS_ERROR_FILE_NOT_FOUND) [amIAddonManagerStartup.readStartupData]"  nsresult: "0x80520012 (NS_ERROR_FILE_NOT_FOUND)"  location: "JS frame :: resource://gre/modules/addons/XPIProvider.jsm :: loadExtensionState :: line 1554"  data: no] Stack trace: loadExtensionState()@resource://gre/modules/addons/XPIProvider.jsm:1554 < getInstallState()@resource://gre/modules/addons/XPIProvider.jsm:1589 < checkForChanges()@resource://gre/modules/addons/XPIProvider.jsm:3109 < startup()@resource://gre/modules/addons/XPIProvider.jsm:2188 < callProvider()@resource://gre/modules/AddonManager.jsm:269 < _startProvider()@resource://gre/modules/AddonManager.jsm:739 < startup()@resource://gre/modules/AddonManager.jsm:906 < startup()@resource://gre/modules/AddonManager.jsm:3090 < observe()@jar:file:///Applications/Firefox.app/Contents/Resources/omni.ja!/components/addonManager.js:65
1510935621768	Marionette	INFO	Enabled via --marionette
2017-11-17 08:20:23.071 plugin-container[5385:179468] *** CFMessagePort: bootstrap_register(): failed 1100 (0x44c) 'Permission denied', port = 0xa23b, name = 'com.apple.tsm.portname'
See /usr/include/servers/bootstrap_defs.h for the error codes.
2017-11-17 08:20:23.072 plugin-container[5385:179468] *** CFMessagePort: bootstrap_register(): failed 1100 (0x44c) 'Permission denied', port = 0xa503, name = 'com.apple.CFPasteboardClient'
See /usr/include/servers/bootstrap_defs.h for the error codes.
1510935623658	Marionette	INFO	Listening on port 63074
1510935623725	Marionette	WARN	TLS certificate errors will be ignored for this session
1510935623778	Marionette	DEBUG	Register listener.js for window 2147483649
1510935623810	Marionette	DEBUG	Received DOM event "beforeunload" for "about:blank"
1510935625285	Marionette	DEBUG	Received DOM event "pagehide" for "about:blank"
1510935625285	Marionette	DEBUG	Received DOM event "unload" for "about:blank"
1510935627237	Marionette	DEBUG	Received DOM event "DOMContentLoaded" for "https://www.coursera.org/courses?languages=en&query=web&start=140"
JavaScript warning: https://mathid.mathtag.com/d/i.js, line 1: unreachable code after return statement
JavaScript warning: https://mathid.mathtag.com/d/i.js, line 1: unreachable code after return statement
1510935631451	Marionette	DEBUG	Received DOM event "pageshow" for "https://www.coursera.org/courses?languages=en&query=web&start=140"
1510935652896	geckodriver	INFO	geckodriver 0.19.1
1510935652902	geckodriver	INFO	Listening on 127.0.0.1:63356
1510935654001	mozrunner::runner	INFO	Running command: "/Applications/Firefox.app/Contents/MacOS/firefox-bin" "-marionette" "-profile" "/var/folders/vv/ddv_001j3yd9f1tl677f36lc0000gn/T/rust_mozprofile.nzzsicXiEx9o"
1510935654282	addons.xpi	WARN	Error parsing extensions state: [Exception... "Component returned failure code: 0x80520012 (NS_ERROR_FILE_NOT_FOUND) [amIAddonManagerStartup.readStartupData]"  nsresult: "0x80520012 (NS_ERROR_FILE_NOT_FOUND)"  location: "JS frame :: resource://gre/modules/addons/XPIProvider.jsm :: loadExtensionState :: line 1554"  data: no] Stack trace: loadExtensionState()@resource://gre/modules/addons/XPIProvider.jsm:1554 < getInstallState()@resource://gre/modules/addons/XPIProvider.jsm:1589 < checkForChanges()@resource://gre/modules/addons/XPIProvider.jsm:3109 < startup()@resource://gre/modules/addons/XPIProvider.jsm:2188 < callProvider()@resource://gre/modules/AddonManager.jsm:269 < _startProvider()@resource://gre/modules/AddonManager.jsm:739 < startup()@resource://gre/modules/AddonManager.jsm:906 < startup()@resource://gre/modules/AddonManager.jsm:3090 < observe()@jar:file:///Applications/Firefox.app/Contents/Resources/omni.ja!/components/addonManager.js:65
1510935654603	Marionette	INFO	Enabled via --marionette
2017-11-17 08:20:57.546 plugin-container[5393:180269] *** CFMessagePort: bootstrap_register(): failed 1100 (0x44c) 'Permission denied', port = 0xa13f, name = 'com.apple.tsm.portname'
See /usr/include/servers/bootstrap_defs.h for the error codes.
2017-11-17 08:20:57.547 plugin-container[5393:180269] *** CFMessagePort: bootstrap_register(): failed 1100 (0x44c) 'Permission denied', port = 0xa503, name = 'com.apple.CFPasteboardClient'
See /usr/include/servers/bootstrap_defs.h for the error codes.
1510935657907	Marionette	INFO	Listening on port 63366
1510935657978	Marionette	WARN	TLS certificate errors will be ignored for this session
1510935658024	Marionette	DEBUG	Register listener.js for window 2147483649
1510935658063	Marionette	DEBUG	Received DOM event "beforeunload" for "about:blank"
1510935659272	Marionette	DEBUG	Received DOM event "pagehide" for "about:blank"
1510935659273	Marionette	DEBUG	Received DOM event "unload" for "about:blank"
1510935661020	Marionette	DEBUG	Received DOM event "DOMContentLoaded" for "https://www.coursera.org/courses?languages=en&query=web&start=160"
JavaScript warning: https://mathid.mathtag.com/d/i.js, line 1: unreachable code after return statement
JavaScript warning: https://mathid.mathtag.com/d/i.js, line 1: unreachable code after return statement
1510935664972	Marionette	DEBUG	Received DOM event "pageshow" for "https://www.coursera.org/courses?languages=en&query=web&start=160"
1510935686895	geckodriver	INFO	geckodriver 0.19.1
1510935686902	geckodriver	INFO	Listening on 127.0.0.1:63657
1510935689770	mozrunner::runner	INFO	Running command: "/Applications/Firefox.app/Contents/MacOS/firefox-bin" "-marionette" "-profile" "/var/folders/vv/ddv_001j3yd9f1tl677f36lc0000gn/T/rust_mozprofile.Om2q65xFivF8"
1510935691202	addons.xpi	WARN	Error parsing extensions state: [Exception... "Component returned failure code: 0x80520012 (NS_ERROR_FILE_NOT_FOUND) [amIAddonManagerStartup.readStartupData]"  nsresult: "0x80520012 (NS_ERROR_FILE_NOT_FOUND)"  location: "JS frame :: resource://gre/modules/addons/XPIProvider.jsm :: loadExtensionState :: line 1554"  data: no] Stack trace: loadExtensionState()@resource://gre/modules/addons/XPIProvider.jsm:1554 < getInstallState()@resource://gre/modules/addons/XPIProvider.jsm:1589 < checkForChanges()@resource://gre/modules/addons/XPIProvider.jsm:3109 < startup()@resource://gre/modules/addons/XPIProvider.jsm:2188 < callProvider()@resource://gre/modules/AddonManager.jsm:269 < _startProvider()@resource://gre/modules/AddonManager.jsm:739 < startup()@resource://gre/modules/AddonManager.jsm:906 < startup()@resource://gre/modules/AddonManager.jsm:3090 < observe()@jar:file:///Applications/Firefox.app/Contents/Resources/omni.ja!/components/addonManager.js:65
1510935691895	Marionette	INFO	Enabled via --marionette
2017-11-17 08:21:33.248 plugin-container[5405:181414] *** CFMessagePort: bootstrap_register(): failed 1100 (0x44c) 'Permission denied', port = 0xa233, name = 'com.apple.tsm.portname'
See /usr/include/servers/bootstrap_defs.h for the error codes.
2017-11-17 08:21:33.249 plugin-container[5405:181414] *** CFMessagePort: bootstrap_register(): failed 1100 (0x44c) 'Permission denied', port = 0xa503, name = 'com.apple.CFPasteboardClient'
See /usr/include/servers/bootstrap_defs.h for the error codes.
1510935693691	Marionette	INFO	Listening on port 63667
1510935693776	Marionette	WARN	TLS certificate errors will be ignored for this session
1510935693823	Marionette	DEBUG	Register listener.js for window 2147483649
1510935693858	Marionette	DEBUG	Received DOM event "beforeunload" for "about:blank"
1510935695588	Marionette	DEBUG	Received DOM event "pagehide" for "about:blank"
1510935695589	Marionette	DEBUG	Received DOM event "unload" for "about:blank"
1510935699758	Marionette	DEBUG	Received DOM event "DOMContentLoaded" for "https://www.coursera.org/courses?languages=en&query=web&start=180"
1510935699844	Marionette	DEBUG	Received DOM event "pageshow" for "https://www.coursera.org/courses?languages=en&query=web&start=180"
1510935728463	geckodriver	INFO	geckodriver 0.19.1
1510935728531	geckodriver	INFO	Listening on 127.0.0.1:63951
1510935729180	mozrunner::runner	INFO	Running command: "/Applications/Firefox.app/Contents/MacOS/firefox-bin" "-marionette" "-profile" "/var/folders/vv/ddv_001j3yd9f1tl677f36lc0000gn/T/rust_mozprofile.12pm21AyVead"
1510935730120	addons.xpi	WARN	Error parsing extensions state: [Exception... "Component returned failure code: 0x80520012 (NS_ERROR_FILE_NOT_FOUND) [amIAddonManagerStartup.readStartupData]"  nsresult: "0x80520012 (NS_ERROR_FILE_NOT_FOUND)"  location: "JS frame :: resource://gre/modules/addons/XPIProvider.jsm :: loadExtensionState :: line 1554"  data: no] Stack trace: loadExtensionState()@resource://gre/modules/addons/XPIProvider.jsm:1554 < getInstallState()@resource://gre/modules/addons/XPIProvider.jsm:1589 < checkForChanges()@resource://gre/modules/addons/XPIProvider.jsm:3109 < startup()@resource://gre/modules/addons/XPIProvider.jsm:2188 < callProvider()@resource://gre/modules/AddonManager.jsm:269 < _startProvider()@resource://gre/modules/AddonManager.jsm:739 < startup()@resource://gre/modules/AddonManager.jsm:906 < startup()@resource://gre/modules/AddonManager.jsm:3090 < observe()@jar:file:///Applications/Firefox.app/Contents/Resources/omni.ja!/components/addonManager.js:65
1510935730880	Marionette	INFO	Enabled via --marionette
2017-11-17 08:22:15.011 plugin-container[5419:182612] *** CFMessagePort: bootstrap_register(): failed 1100 (0x44c) 'Permission denied', port = 0xa32f, name = 'com.apple.tsm.portname'
See /usr/include/servers/bootstrap_defs.h for the error codes.
2017-11-17 08:22:15.015 plugin-container[5419:182612] *** CFMessagePort: bootstrap_register(): failed 1100 (0x44c) 'Permission denied', port = 0xa703, name = 'com.apple.CFPasteboardClient'
See /usr/include/servers/bootstrap_defs.h for the error codes.
1510935735654	Marionette	INFO	Listening on port 63971
1510935735733	Marionette	WARN	TLS certificate errors will be ignored for this session
1510935735809	Marionette	DEBUG	Register listener.js for window 2147483649
1510935735982	Marionette	DEBUG	Received DOM event "beforeunload" for "about:blank"
1510935742674	Marionette	DEBUG	Received DOM event "pagehide" for "about:blank"
1510935742674	Marionette	DEBUG	Received DOM event "unload" for "about:blank"
1510935742761	Marionette	DEBUG	Received DOM event "DOMContentLoaded" for "https://www.coursera.org/courses?languages=en&query=web&start=200"
1510935743624	Marionette	DEBUG	Received DOM event "pageshow" for "https://www.coursera.org/courses?languages=en&query=web&start=200"
JavaScript error: chrome://browser/content/tabbrowser.xml, line 3660: TypeError: this.tabs is undefined
JavaScript error: chrome://browser/content/tabbrowser.xml, line 3660: TypeError: this.tabs is undefined
